app/build/outputs/mapping/release/seeds.txt
com.minimalos.launcher.R$dimen
com.minimalos.launcher.R$bool
com.minimalos.launcher.R$integer
com.minimalos.launcher.R
com.minimalos.launcher.BuildConfig
com.minimalos.launcher.R$attr
com.minimalos.launcher.R$layout
com.minimalos.launcher.R$animator
com.minimalos.launcher.LauncherReceiver
com.minimalos.launcher.R$mipmap
com.minimalos.launcher.R$color
com.minimalos.launcher.R$anim
com.minimalos.launcher.R$style
com.minimalos.launcher.R$styleable
com.minimalos.launcher.R$interpolator
com.minimalos.launcher.MainActivity
com.minimalos.launcher.MainActivity$1
com.minimalos.launcher.R$string
com.minimalos.launcher.R$drawable
com.minimalos.launcher.R$id
com.minimalos.launcher.R$styleable: int KeyPosition_pathMotionArc
com.minimalos.launcher.R$styleable: int Constraint_quantizeMotionSteps
com.minimalos.launcher.R$style: int Widget_AppCompat_DrawerArrowToggle
com.minimalos.launcher.R$style: int TextAppearance_Widget_AppCompat_Toolbar_Subtitle
com.minimalos.launcher.R$styleable: int ConstraintSet_android_layout_marginBottom
com.minimalos.launcher.R$styleable: int ConstraintLayout_Layout_android_paddingBottom
com.minimalos.launcher.R$color: int abc_primary_text_disable_only_material_dark
com.minimalos.launcher.R$styleable: int[] Transform
com.minimalos.launcher.R$attr: int barrierDirection
com.minimalos.launcher.R$styleable: int MenuView_android_windowAnimationStyle
com.minimalos.launcher.R$style: int Base_TextAppearance_AppCompat_Inverse
com.minimalos.launcher.R$styleable: int Layout_layout_constraintBottom_toTopOf
com.minimalos.launcher.R$attr: int backgroundTint
com.minimalos.launcher.R$style: int Base_Widget_AppCompat_SearchView_ActionBar
com.minimalos.launcher.R$style: int Base_V21_Theme_AppCompat
com.minimalos.launcher.R$color: int switch_thumb_material_light
com.minimalos.launcher.R$attr: int listPreferredItemPaddingLeft
com.minimalos.launcher.R$attr: int arrowHeadLength
com.minimalos.launcher.R$attr: int customPixelDimension
com.minimalos.launcher.R$styleable: int Layout_android_layout_height
com.minimalos.launcher.R$styleable: int[] KeyFrame
com.minimalos.launcher.R$styleable: int AnimatedStateListDrawableCompat_android_variablePadding
com.minimalos.launcher.R$style: int Widget_AppCompat_ListView_DropDown
com.minimalos.launcher.R$style: int Widget_AppCompat_Light_ActionBar_TabView_Inverse
com.minimalos.launcher.R$styleable: int AlertDialog_buttonIconDimen
com.minimalos.launcher.R$color: int background_material_dark
com.minimalos.launcher.R$styleable: int FontFamilyFont_fontStyle
com.minimalos.launcher.R$attr: int flow_horizontalStyle
com.minimalos.launcher.R$dimen: int abc_action_bar_content_inset_with_nav
com.minimalos.launcher.R$styleable: int MotionLabel_textPanY
com.minimalos.launcher.R$style: int Base_V26_Theme_AppCompat_Light
com.minimalos.launcher.R$string: int abc_action_mode_done
com.minimalos.launcher.R$color: int abc_search_url_text_selected
com.minimalos.launcher.R$styleable: int Carousel_carousel_touchUp_velocityThreshold
com.minimalos.launcher.R$attr: int drawableRightCompat
com.minimalos.launcher.R$attr: int triggerReceiver
com.minimalos.launcher.R$interpolator: int btn_radio_to_off_mtrl_animation_interpolator_0
com.minimalos.launcher.R$style: int Platform_AppCompat_Light
com.minimalos.launcher.R$styleable: int[] ColorStateListItem
com.minimalos.launcher.R$attr: int telltales_velocityMode
com.minimalos.launcher.R$attr: int popupMenuStyle
com.minimalos.launcher.R$style: int Base_Widget_AppCompat_PopupWindow
com.minimalos.launcher.R$styleable: int[] CustomAttribute
com.minimalos.launcher.R$styleable: int ConstraintLayout_Layout_layout_goneMarginEnd
com.minimalos.launcher.R$styleable: int AppCompatTheme_buttonBarPositiveButtonStyle
com.minimalos.launcher.R$style: int TextAppearance_AppCompat_Light_Widget_PopupMenu_Large
...
androidx.appcompat.widget.AppCompatRadioButton: android.graphics.PorterDuff$Mode getSupportCompoundDrawablesTintMode()
androidx.core.os.BundleApi21ImplKt: void putSizeF(android.os.Bundle,java.lang.String,android.util.SizeF)
androidx.appcompat.widget.AppCompatImageButton: void setSupportImageTintList(android.content.res.ColorStateList)
androidx.appcompat.view.menu.ListMenuItemView: androidx.appcompat.view.menu.MenuItemImpl getItemData()
androidx.appcompat.widget.AppCompatMultiAutoCompleteTextView: void setSupportCompoundDrawablesTintList(android.content.res.ColorStateList)
androidx.fragment.app.FragmentActivity: android.view.View dispatchFragmentsOnCreateView(android.view.View,java.lang.String,android.content.Context,android.util.AttributeSet)
androidx.core.view.WindowInsetsCompat$Impl21: WindowInsetsCompat$Impl21(androidx.core.view.WindowInsetsCompat,android.view.WindowInsets)
androidx.appcompat.app.AlertController$RecycleListView: AlertController$RecycleListView(android.content.Context,android.util.AttributeSet)
androidx.appcompat.widget.AppCompatImageView: android.content.res.ColorStateList getSupportBackgroundTintList()
androidx.appcompat.resources.Compatibility$Api15Impl: void getValueForDensity(android.content.res.Resources,int,int,android.util.TypedValue,boolean)
androidx.fragment.app.FragmentTransaction$Op: FragmentTransaction$Op()
androidx.appcompat.widget.AppCompatTextView: void setAutoSizeTextTypeWithDefaults(int)
androidx.vectordrawable.graphics.drawable.VectorDrawableCompat$VFullPath: int getStrokeColor()
androidx.vectordrawable.graphics.drawable.VectorDrawableCompat$VGroup: java.lang.String getGroupName()
androidx.appcompat.widget.AppCompatTextView: AppCompatTextView(android.content.Context,android.util.AttributeSet)
androidx.appcompat.view.WindowCallbackWrapper$Api23Impl: android.view.ActionMode onWindowStartingActionMode(android.view.Window$Callback,android.view.ActionMode$Callback,int)
androidx.core.view.WindowInsetsCompat$Impl29: androidx.core.graphics.Insets getTappableElementInsets()
androidx.vectordrawable.graphics.drawable.VectorDrawableCompat$VGroup: float getPivotX()
androidx.appcompat.widget.ActionBarOverlayLayout: int getActionBarHideOffset()
androidx.appcompat.app.AppCompatActivity: void onNightModeChanged(int)
androidx.appcompat.widget.AppCompatTextView: void setEmojiCompatEnabled(boolean)
androidx.appcompat.app.AppCompatActivity: void onPrepareSupportNavigateUpTaskStack(androidx.core.app.TaskStackBuilder)
androidx.appcompat.widget.Toolbar: java.lang.CharSequence getSubtitle()
androidx.lifecycle.ProcessLifecycleOwner$3: void onActivityPaused(android.app.Activity)
androidx.core.app.ComponentActivity: boolean superDispatchKeyEvent(android.view.KeyEvent)
androidx.core.view.WindowInsetsCompat$BuilderImpl: WindowInsetsCompat$BuilderImpl(androidx.core.view.WindowInsetsCompat)
androidx.core.os.LocaleListCompat$Api21Impl: java.util.Locale forLanguageTag(java.lang.String)
androidx.appcompat.app.AppLocalesMetadataHolderService$Api24Impl: int getDisabledComponentFlag()
androidx.appcompat.widget.AppCompatRadioButton: void setBackgroundDrawable(android.graphics.drawable.Drawable)
androidx.core.view.ViewPropertyAnimatorCompat$Api19Impl: android.view.ViewPropertyAnimator setUpdateListener(android.view.ViewPropertyAnimator,android.animation.ValueAnimator$AnimatorUpdateListener)
androidx.appcompat.app.ActionBar$Tab: ActionBar$Tab()
androidx.fragment.app.FragmentManagerState: FragmentManagerState()
androidx.core.view.MenuItemCompat$Api26Impl: android.view.MenuItem setTooltipText(android.view.MenuItem,java.lang.CharSequence)
androidx.appcompat.widget.ActionBarContextView: void setSubtitle(java.lang.CharSequence)
androidx.core.widget.TextViewCompat$Api16Impl: boolean getIncludeFontPadding(android.widget.TextView)
androidx.appcompat.widget.AppCompatButton: void setCustomSelectionActionModeCallback(android.view.ActionMode$Callback)