app/build/outputs/mapping/release/mapping.txt
# compiler: R8
# compiler_version: 4.0.52
# min_api: 26
# common_typos_disable
# {"id":"com.android.tools.r8.mapping","version":"2.1"}
# pg_map_id: 0c1a690
# pg_map_hash: SHA-256 0c1a6905f482d093e09e551711c44b19311adf7c7597beaa6e9710a7b917a1e3
com.minimalos.launcher.MainActivity -> com.minimalos.launcher.MainActivity:
    void $r8$lambda$PxTperFemUpp6rj5NsIyzEHCBjQ(com.minimalos.launcher.MainActivity,android.view.View) -> c
      # {"id":"com.android.tools.r8.synthesized"}
    void $r8$lambda$ZVtgHR6QymVwCifDgJ7PySXzmZA(com.minimalos.launcher.MainActivity,android.view.View) -> d
      # {"id":"com.android.tools.r8.synthesized"}
    void $r8$lambda$nGREEPYOu2rJU2F8WHHmpcvAACw(com.minimalos.launcher.MainActivity,android.view.View) -> e
      # {"id":"com.android.tools.r8.synthesized"}
    android.os.Handler -$$Nest$fgetclockHandler(com.minimalos.launcher.MainActivity) -> f
      # {"id":"com.android.tools.r8.synthesized"}
    void -$$Nest$mupdateClock(com.minimalos.launcher.MainActivity) -> g
      # {"id":"com.android.tools.r8.synthesized"}
com.minimalos.launcher.MainActivity$$ExternalSyntheticLambda0 -> com.minimalos.launcher.a:
# {"id":"sourceFile","fileName":"R8$$SyntheticClass"}
# {"id":"com.android.tools.r8.synthesized"}
    com.minimalos.launcher.MainActivity com.minimalos.launcher.MainActivity$$InternalSyntheticLambda$1$2ebfd15bc2c070dd3ca728b57a08e8a89472a0ff6c72565f1862547482305621$0.f$0 -> c
    int com.minimalos.launcher.MainActivity$$InternalSyntheticLambda$1$2ebfd15bc2c070dd3ca728b57a08e8a89472a0ff6c72565f1862547482305621$0.$r8$classId -> b
    0:7:void com.minimalos.launcher.MainActivity$$InternalSyntheticLambda$1$2ebfd15bc2c070dd3ca728b57a08e8a89472a0ff6c72565f1862547482305621$0.<init>(com.minimalos.launcher.MainActivity):0:0 -> <init>
    0:7:void com.minimalos.launcher.MainActivity$$InternalSyntheticLambda$1$2ebfd15bc2c070dd3ca728b57a08e8a89472a0ff6c72565f1862547482305621$0.$r8$init$synthetic(com.minimalos.launcher.MainActivity,int):0 -> <init>
      # {"id":"com.android.tools.r8.synthesized"}
    void com.minimalos.launcher.MainActivity$$InternalSyntheticLambda$1$2ebfd15bc2c070dd3ca728b57a08e8a89472a0ff6c72565f1862547482305621$0.onClick$bridge(android.view.View) -> onClick
      # {"id":"com.android.tools.r8.synthesized"}
...
androidx.core.view.accessibility.AccessibilityViewCommand$MoveAtGranularityArguments -> x.e:
androidx.core.view.accessibility.AccessibilityViewCommand$MoveHtmlArguments -> x.f:
androidx.core.view.accessibility.AccessibilityViewCommand$MoveWindowArguments -> x.g:
androidx.core.view.accessibility.AccessibilityViewCommand$ScrollToPositionArguments -> x.h:
androidx.core.view.accessibility.AccessibilityViewCommand$SetProgressArguments -> x.i:
androidx.core.view.accessibility.AccessibilityViewCommand$SetSelectionArguments -> x.j:
androidx.core.view.accessibility.AccessibilityViewCommand$SetTextArguments -> x.k:
androidx.core.view.inputmethod.EditorInfoCompat -> y.a:
    void setSurroundingText(android.view.inputmethod.EditorInfo,java.lang.CharSequence,int,int) -> a
androidx.core.view.inputmethod.InputConnectionCompat$1 -> y.b:
    androidx.core.view.inputmethod.InputConnectionCompat$OnCommitContentListener val$listener -> a
    4:13:androidx.core.view.inputmethod.InputContentInfoCompat androidx.core.view.inputmethod.InputContentInfoCompat.wrap(java.lang.Object):0:0 -> commitContent
    4:13:boolean commitContent(android.view.inputmethod.InputContentInfo,int,android.os.Bundle):0 -> commitContent
    14:27:boolean commitContent(android.view.inputmethod.InputContentInfo,int,android.os.Bundle):0:0 -> commitContent
    28:29:void androidx.core.view.inputmethod.InputContentInfoCompat.requestPermission():0:0 -> commitContent
    28:29:boolean androidx.core.view.inputmethod.InputConnectionCompat.lambda$createOnCommitContentListenerUsingPerformReceiveContent$0(android.view.View,androidx.core.view.inputmethod.InputContentInfoCompat,int,android.os.Bundle):0 -> commitContent
      # {"id":"com.android.tools.r8.rewriteFrame","conditions":["throws(Ljava/lang/NullPointerException;)"],"actions":["removeInnerFrames(1)"]}
    28:29:boolean commitContent(android.view.inputmethod.InputContentInfo,int,android.os.Bundle):0 -> commitContent
    30:34:void androidx.core.view.inputmethod.InputContentInfoCompat.requestPermission():0:0 -> commitContent
androidx.core.view.inputmethod.InputConnectionCompat$OnCommitContentListener -> y.c:
androidx.core.view.inputmethod.InputContentInfoCompat -> y.d:
    androidx.core.view.inputmethod.InputContentInfoCompat$InputContentInfoCompatImpl mImpl -> a
androidx.core.view.inputmethod.InputContentInfoCompat$InputContentInfoCompatApi25Impl -> y.d$a:
    android.view.inputmethod.InputContentInfo mObject -> a
    java.lang.Object getInputContentInfo() -> a
    void requestPermission() -> b
androidx.core.view.inputmethod.InputContentInfoCompat$InputContentInfoCompatImpl -> y.d$b: