app/build/outputs/mapping/release/usage.txt
com.minimalos.launcher.MainActivity$$InternalSyntheticLambda$1$2ebfd15bc2c070dd3ca728b57a08e8a89472a0ff6c72565f1862547482305621$1
com.minimalos.launcher.MainActivity$$InternalSyntheticLambda$1$2ebfd15bc2c070dd3ca728b57a08e8a89472a0ff6c72565f1862547482305621$2
...
kotlin.coroutines.CoroutineContext$plus$1:
    public static kotlin.coroutines.CoroutineContext invoke()
kotlin.coroutines.intrinsics.CoroutineSingletons
kotlin.coroutines.intrinsics.IntrinsicsKt
kotlin.coroutines.intrinsics.IntrinsicsKt__IntrinsicsJvmKt
kotlin.coroutines.intrinsics.IntrinsicsKt__IntrinsicsKt
kotlin.coroutines.jvm.internal.BaseContinuationImpl
kotlin.coroutines.jvm.internal.CompletedContinuation
kotlin.coroutines.jvm.internal.ContinuationImpl
kotlin.coroutines.jvm.internal.CoroutineStackFrame
kotlin.coroutines.jvm.internal.DebugMetadata
kotlin.coroutines.jvm.internal.DebugMetadataKt
kotlin.coroutines.jvm.internal.DebugProbesKt
kotlin.coroutines.jvm.internal.ModuleNameRetriever$Cache
kotlin.coroutines.jvm.internal.ModuleNameRetriever
kotlin.internal.PlatformImplementations$ReflectThrowable:
    public static final kotlin.internal.PlatformImplementations$ReflectThrowable INSTANCE
    public static final java.lang.reflect.Method getSuppressed
    public void <init>()
kotlin.internal.ProgressionUtilKt
kotlin.io.CloseableKt
kotlin.jvm.JvmClassMappingKt
kotlin.jvm.internal.ArrayIteratorKt
kotlin.jvm.internal.CallableReference$NoReceiver
kotlin.jvm.internal.CallableReference
kotlin.jvm.internal.ClassReference$Companion
kotlin.jvm.internal.ClassReference:
    public static final kotlin.jvm.internal.ClassReference$Companion Companion
    public static final java.util.HashMap classFqNames
    public static final java.util.HashMap primitiveFqNames
    public static final java.util.HashMap primitiveWrapperFqNames
    public static final java.util.Map simpleNames
kotlin.jvm.internal.DefaultConstructorMarker
kotlin.jvm.internal.FunctionBase
kotlin.jvm.internal.Intrinsics:
    public static void checkNotNull(java.lang.Object,java.lang.String)
kotlin.jvm.internal.Lambda:
    public final int arity
kotlin.jvm.internal.PackageReference
kotlin.jvm.internal.PropertyReference0
kotlin.jvm.internal.PropertyReference0Impl
kotlin.jvm.internal.PropertyReference
kotlin.jvm.internal.Reflection:
    public static kotlin.jvm.internal.ClassReference getOrCreateKotlinClass(java.lang.Class)
kotlin.jvm.internal.ReflectionFactory:
    public static kotlin.reflect.KClass getOrCreateKotlinClass()
    public static kotlin.reflect.KDeclarationContainer getOrCreateKotlinPackage()
    public static kotlin.reflect.KProperty0 property0()
    public static java.lang.String renderLambdaToString()
    public static java.lang.String renderLambdaToString$1()
kotlin.random.AbstractPlatformRandom:
    public final int nextBits()
kotlin.random.FallbackThreadLocalRandom$implStorage$1:
    public static java.util.Random initialValue()
kotlin.random.Random$Default:
    public final int nextBits()
kotlin.random.Random:
    public static final synthetic kotlin.random.Random access$getDefaultRandom$cp()
    public abstract int nextBits()
kotlin.random.RandomKt
kotlin.ranges.IntProgression$Companion
kotlin.ranges.IntProgression:
    public static final kotlin.ranges.IntProgression$Companion Companion
    public static void <clinit>()
    public boolean equals(java.lang.Object)
    public static int getFirst()
    public static int getLast()
    public static int getStep()
    public int hashCode()
    public boolean isEmpty()
    public final kotlin.ranges.IntProgressionIterator iterator()
    public java.lang.String toString()
kotlin.ranges.IntRange$Companion
kotlin.ranges.IntRange:
    public static final kotlin.ranges.IntRange$Companion Companion
    public static final kotlin.ranges.IntRange EMPTY
    public static boolean contains()
kotlin.ranges.RangesKt
kotlin.ranges.RangesKt__RangesKt
kotlin.ranges.RangesKt___RangesKt
kotlin.reflect.KCallable
kotlin.reflect.KDeclarationContainer
kotlin.reflect.KProperty0
kotlin.reflect.KProperty
kotlin.sequences.SequencesKt__SequenceBuilderKt
kotlin.sequences.SequencesKt__SequencesJVMKt
kotlin.sequences.SequencesKt__SequencesKt